1723116093131	geckodriver	INFO	Listening on 127.0.0.1:51055
1723116096169	mozrunner::runner	INFO	Running command: "C:\\Program Files\\Mozilla Firefox\\firefox.exe" "--marionette" "-no-remote" "-profile" "C:\\Users\\HP\\AppData\\Local\\Temp\\rust_mozprofilekaRIcc"
console.warn: services.settings: Ignoring preference override of remote settings server
console.warn: services.settings: Allow by setting MOZ_REMOTE_SETTINGS_DEVTOOLS=1 in the environment
1723116096602	Marionette	INFO	Marionette enabled
Dynamically enable window occlusion 0
1723116096759	Marionette	INFO	Listening on port 51065
Read port: 51065
1723116096943	RemoteAgent	WARN	TLS certificate errors will be ignored for this session
JavaScript error: https://media.ethicalads.io/media/client/v1.4.0/ethicalads.min.js, line 1: Error: No ad placements found.
JavaScript error: resource:///actors/FormValidationChild.sys.mjs, line 182: TypeError: this._element is null
1723116101601	Marionette	INFO	Stopped listening on port 51065
JavaScript warning: https://ajax.googleapis.com/ajax/libs/jquery/1.8.2/jquery.min.js, line 2: Script terminated by timeout at:
cU/<@https://ajax.googleapis.com/ajax/libs/jquery/1.8.2/jquery.min.js:2:6181

Dynamically enable window occlusion 1
1723116116783	geckodriver	INFO	Listening on 127.0.0.1:51133
1723116119846	mozrunner::runner	INFO	Running command: "C:\\Program Files\\Mozilla Firefox\\firefox.exe" "--marionette" "-no-remote" "-profile" "C:\\Users\\HP\\AppData\\Local\\Temp\\rust_mozprofilestlmdt"
console.warn: services.settings: Ignoring preference override of remote settings server
console.warn: services.settings: Allow by setting MOZ_REMOTE_SETTINGS_DEVTOOLS=1 in the environment
1723116120167	Marionette	INFO	Marionette enabled
Dynamically enable window occlusion 0
1723116120312	Marionette	INFO	Listening on port 51143
Read port: 51143
1723116120477	RemoteAgent	WARN	TLS certificate errors will be ignored for this session
JavaScript error: https://media.ethicalads.io/media/client/v1.4.0/ethicalads.min.js, line 1: Error: No ad placements found.
JavaScript error: resource:///actors/FormValidationChild.sys.mjs, line 182: TypeError: this._element is null
1723116124801	Marionette	INFO	Stopped listening on port 51143
JavaScript warning: https://www.googletagmanager.com/gtag/js?id=G-TF35YF9CVH, line 545: Script terminated by timeout at:
qy@https://www.googletagmanager.com/gtag/js?id=G-TF35YF9CVH:545:25
Fx/<@https://www.googletagmanager.com/gtag/js?id=G-TF35YF9CVH:548:213

Dynamically enable window occlusion 1
1723116161107	geckodriver	INFO	Listening on 127.0.0.1:51216
1723116164162	mozrunner::runner	INFO	Running command: "C:\\Program Files\\Mozilla Firefox\\firefox.exe" "--marionette" "-no-remote" "-profile" "C:\\Users\\HP\\AppData\\Local\\Temp\\rust_mozprofilelCmRNc"
console.warn: services.settings: Ignoring preference override of remote settings server
console.warn: services.settings: Allow by setting MOZ_REMOTE_SETTINGS_DEVTOOLS=1 in the environment
1723116164484	Marionette	INFO	Marionette enabled
Dynamically enable window occlusion 0
1723116164618	Marionette	INFO	Listening on port 51227
Read port: 51227
1723116164790	RemoteAgent	WARN	TLS certificate errors will be ignored for this session
JavaScript error: https://media.ethicalads.io/media/client/v1.4.0/ethicalads.min.js, line 1: Error: No ad placements found.
JavaScript error: resource:///actors/FormValidationChild.sys.mjs, line 182: TypeError: this._element is null
JavaScript error: https://media.ethicalads.io/media/client/v1.4.0/ethicalads.min.js, line 1: Error: No ad placements found.
JavaScript error: resource:///actors/FormValidationChild.sys.mjs, line 182: TypeError: this._element is null
1723116176318	Marionette	INFO	Stopped listening on port 51227
Dynamically enable window occlusion 1
1723178873911	geckodriver	INFO	Listening on 127.0.0.1:53446
1723178876997	mozrunner::runner	INFO	Running command: "C:\\Program Files\\Mozilla Firefox\\firefox.exe" "--marionette" "-no-remote" "-profile" "C:\\Users\\HP\\AppData\\Local\\Temp\\rust_mozprofileD6A9yf"
console.warn: services.settings: Ignoring preference override of remote settings server
console.warn: services.settings: Allow by setting MOZ_REMOTE_SETTINGS_DEVTOOLS=1 in the environment
1723178877342	Marionette	INFO	Marionette enabled
Dynamically enable window occlusion 0
1723178877490	Marionette	INFO	Listening on port 53456
Read port: 53456
1723178877619	RemoteAgent	WARN	TLS certificate errors will be ignored for this session
1723178898130	Marionette	INFO	Stopped listening on port 53456
Dynamically enable window occlusion 1
1723178923098	geckodriver	INFO	Listening on 127.0.0.1:53525
1723178926163	mozrunner::runner	INFO	Running command: "C:\\Program Files\\Mozilla Firefox\\firefox.exe" "--marionette" "-no-remote" "-profile" "C:\\Users\\HP\\AppData\\Local\\Temp\\rust_mozprofileTF7QE5"
console.warn: services.settings: Ignoring preference override of remote settings server
console.warn: services.settings: Allow by setting MOZ_REMOTE_SETTINGS_DEVTOOLS=1 in the environment
1723178926475	Marionette	INFO	Marionette enabled
Dynamically enable window occlusion 0
1723178926597	Marionette	INFO	Listening on port 53535
Read port: 53535
1723178926736	RemoteAgent	WARN	TLS certificate errors will be ignored for this session
1723178942427	Marionette	INFO	Stopped listening on port 53535
Dynamically enable window occlusion 1
1723178953382	geckodriver	INFO	Listening on 127.0.0.1:53597
1723178956420	mozrunner::runner	INFO	Running command: "C:\\Program Files\\Mozilla Firefox\\firefox.exe" "--marionette" "-no-remote" "-profile" "C:\\Users\\HP\\AppData\\Local\\Temp\\rust_mozprofileoNqPIu"
console.warn: services.settings: Ignoring preference override of remote settings server
console.warn: services.settings: Allow by setting MOZ_REMOTE_SETTINGS_DEVTOOLS=1 in the environment
1723178956639	Marionette	INFO	Marionette enabled
Dynamically enable window occlusion 0
1723178956731	Marionette	INFO	Listening on port 53607
Read port: 53607
1723178956862	RemoteAgent	WARN	TLS certificate errors will be ignored for this session
1723178966402	Marionette	INFO	Stopped listening on port 53607
Dynamically enable window occlusion 1
1723178984678	geckodriver	INFO	Listening on 127.0.0.1:53667
1723178987708	mozrunner::runner	INFO	Running command: "C:\\Program Files\\Mozilla Firefox\\firefox.exe" "--marionette" "-no-remote" "-profile" "C:\\Users\\HP\\AppData\\Local\\Temp\\rust_mozprofileVXJtfo"
console.warn: services.settings: Ignoring preference override of remote settings server
console.warn: services.settings: Allow by setting MOZ_REMOTE_SETTINGS_DEVTOOLS=1 in the environment
1723178987915	Marionette	INFO	Marionette enabled
Dynamically enable window occlusion 0
1723178988007	Marionette	INFO	Listening on port 53677
Read port: 53677
1723178988099	RemoteAgent	WARN	TLS certificate errors will be ignored for this session
1723179009519	Marionette	INFO	Stopped listening on port 53677
Dynamically enable window occlusion 1
1723179172074	geckodriver	INFO	Listening on 127.0.0.1:53743
1723179175132	mozrunner::runner	INFO	Running command: "C:\\Program Files\\Mozilla Firefox\\firefox.exe" "--marionette" "-no-remote" "-profile" "C:\\Users\\HP\\AppData\\Local\\Temp\\rust_mozprofilebiunDB"
console.warn: services.settings: Ignoring preference override of remote settings server
console.warn: services.settings: Allow by setting MOZ_REMOTE_SETTINGS_DEVTOOLS=1 in the environment
1723179175338	Marionette	INFO	Marionette enabled
Dynamically enable window occlusion 0
1723179175441	Marionette	INFO	Listening on port 53753
Read port: 53753
1723179175561	RemoteAgent	WARN	TLS certificate errors will be ignored for this session
1723179186636	Marionette	INFO	Stopped listening on port 53753
Dynamically enable window occlusion 1
1723180987314	geckodriver	INFO	Listening on 127.0.0.1:53957
1723180990354	mozrunner::runner	INFO	Running command: "C:\\Program Files\\Mozilla Firefox\\firefox.exe" "--marionette" "-no-remote" "-profile" "C:\\Users\\HP\\AppData\\Local\\Temp\\rust_mozprofileZOfoN3"
console.warn: services.settings: Ignoring preference override of remote settings server
console.warn: services.settings: Allow by setting MOZ_REMOTE_SETTINGS_DEVTOOLS=1 in the environment
1723180990684	Marionette	INFO	Marionette enabled
Dynamically enable window occlusion 0
1723180990834	Marionette	INFO	Listening on port 53967
Read port: 53967
1723180991012	RemoteAgent	WARN	TLS certificate errors will be ignored for this session
1723181003203	Marionette	INFO	Stopped listening on port 53967
Dynamically enable window occlusion 1
1723181442454	geckodriver	INFO	Listening on 127.0.0.1:54042
1723181445493	mozrunner::runner	INFO	Running command: "C:\\Program Files\\Mozilla Firefox\\firefox.exe" "--marionette" "-no-remote" "-profile" "C:\\Users\\HP\\AppData\\Local\\Temp\\rust_mozprofileuSSowY"
console.warn: services.settings: Ignoring preference override of remote settings server
console.warn: services.settings: Allow by setting MOZ_REMOTE_SETTINGS_DEVTOOLS=1 in the environment
1723181445852	Marionette	INFO	Marionette enabled
Dynamically enable window occlusion 0
1723181445971	Marionette	INFO	Listening on port 54053
Read port: 54053
1723181446117	RemoteAgent	WARN	TLS certificate errors will be ignored for this session
1723181457719	Marionette	INFO	Stopped listening on port 54053
Dynamically enable window occlusion 1
1723181704339	geckodriver	INFO	Listening on 127.0.0.1:54117
1723181707380	mozrunner::runner	INFO	Running command: "C:\\Program Files\\Mozilla Firefox\\firefox.exe" "--marionette" "-no-remote" "-profile" "C:\\Users\\HP\\AppData\\Local\\Temp\\rust_mozprofilezFBdAw"
console.warn: services.settings: Ignoring preference override of remote settings server
console.warn: services.settings: Allow by setting MOZ_REMOTE_SETTINGS_DEVTOOLS=1 in the environment
1723181707703	Marionette	INFO	Marionette enabled
Dynamically enable window occlusion 0
1723181707861	Marionette	INFO	Listening on port 54127
Read port: 54127
1723181708045	RemoteAgent	WARN	TLS certificate errors will be ignored for this session
1723181719676	Marionette	INFO	Stopped listening on port 54127
Dynamically enable window occlusion 1
1723181794231	geckodriver	INFO	Listening on 127.0.0.1:54180
1723181797263	mozrunner::runner	INFO	Running command: "C:\\Program Files\\Mozilla Firefox\\firefox.exe" "--marionette" "-no-remote" "-profile" "C:\\Users\\HP\\AppData\\Local\\Temp\\rust_mozprofilewvQa9x"
console.warn: services.settings: Ignoring preference override of remote settings server
console.warn: services.settings: Allow by setting MOZ_REMOTE_SETTINGS_DEVTOOLS=1 in the environment
1723181797655	Marionette	INFO	Marionette enabled
Dynamically enable window occlusion 0
1723181797782	Marionette	INFO	Listening on port 54190
Read port: 54190
1723181797914	RemoteAgent	WARN	TLS certificate errors will be ignored for this session
1723181811182	Marionette	INFO	Stopped listening on port 54190
Dynamically enable window occlusion 1
1723182155552	geckodriver	INFO	Listening on 127.0.0.1:54290
1723182158598	mozrunner::runner	INFO	Running command: "C:\\Program Files\\Mozilla Firefox\\firefox.exe" "--marionette" "-no-remote" "-profile" "C:\\Users\\HP\\AppData\\Local\\Temp\\rust_mozprofileTmGSoS"
console.warn: services.settings: Ignoring preference override of remote settings server
console.warn: services.settings: Allow by setting MOZ_REMOTE_SETTINGS_DEVTOOLS=1 in the environment
1723182158891	Marionette	INFO	Marionette enabled
Dynamically enable window occlusion 0
1723182159015	Marionette	INFO	Listening on port 54300
Read port: 54300
1723182159169	RemoteAgent	WARN	TLS certificate errors will be ignored for this session
1723182166460	Marionette	INFO	Stopped listening on port 54300
Dynamically enable window occlusion 1
1723182225555	geckodriver	INFO	Listening on 127.0.0.1:54352
1723182228586	mozrunner::runner	INFO	Running command: "C:\\Program Files\\Mozilla Firefox\\firefox.exe" "--marionette" "-no-remote" "-profile" "C:\\Users\\HP\\AppData\\Local\\Temp\\rust_mozprofile1NnjYm"
console.warn: services.settings: Ignoring preference override of remote settings server
console.warn: services.settings: Allow by setting MOZ_REMOTE_SETTINGS_DEVTOOLS=1 in the environment
1723182228907	Marionette	INFO	Marionette enabled
Dynamically enable window occlusion 0
1723182229033	Marionette	INFO	Listening on port 54362
Read port: 54362
1723182229208	RemoteAgent	WARN	TLS certificate errors will be ignored for this session
1723182236971	Marionette	INFO	Stopped listening on port 54362
Dynamically enable window occlusion 1
1723182447884	geckodriver	INFO	Listening on 127.0.0.1:54416
1723182450920	mozrunner::runner	INFO	Running command: "C:\\Program Files\\Mozilla Firefox\\firefox.exe" "--marionette" "-no-remote" "-profile" "C:\\Users\\HP\\AppData\\Local\\Temp\\rust_mozprofilerqIywW"
console.warn: services.settings: Ignoring preference override of remote settings server
console.warn: services.settings: Allow by setting MOZ_REMOTE_SETTINGS_DEVTOOLS=1 in the environment
1723182451235	Marionette	INFO	Marionette enabled
Dynamically enable window occlusion 0
1723182451353	Marionette	INFO	Listening on port 54426
Read port: 54426
1723182451542	RemoteAgent	WARN	TLS certificate errors will be ignored for this session
1723182482730	addons.xpi	ERROR	System addon update list error SyntaxError: XMLHttpRequest.open: 'http://%(server)s/dummy-system-addons.xml' is not a valid URL.
1723182501188	Marionette	INFO	Stopped listening on port 54426
Dynamically enable window occlusion 1
1723182766375	geckodriver	INFO	Listening on 127.0.0.1:54464
1723182769411	mozrunner::runner	INFO	Running command: "C:\\Program Files\\Mozilla Firefox\\firefox.exe" "--marionette" "-no-remote" "-profile" "C:\\Users\\HP\\AppData\\Local\\Temp\\rust_mozprofilegIOzQU"
console.warn: services.settings: Ignoring preference override of remote settings server
console.warn: services.settings: Allow by setting MOZ_REMOTE_SETTINGS_DEVTOOLS=1 in the environment
1723182769706	Marionette	INFO	Marionette enabled
Dynamically enable window occlusion 0
1723182769828	Marionette	INFO	Listening on port 54474
Read port: 54474
1723182769981	RemoteAgent	WARN	TLS certificate errors will be ignored for this session
1723182785275	Marionette	INFO	Stopped listening on port 54474
Dynamically enable window occlusion 1
1723184449049	geckodriver	INFO	Listening on 127.0.0.1:54879
1723184452144	mozrunner::runner	INFO	Running command: "C:\\Program Files\\Mozilla Firefox\\firefox.exe" "--marionette" "-no-remote" "-profile" "C:\\Users\\HP\\AppData\\Local\\Temp\\rust_mozprofile70aEKe"
console.warn: services.settings: Ignoring preference override of remote settings server
console.warn: services.settings: Allow by setting MOZ_REMOTE_SETTINGS_DEVTOOLS=1 in the environment
1723184452451	Marionette	INFO	Marionette enabled
Dynamically enable window occlusion 0
1723184452568	Marionette	INFO	Listening on port 54890
Read port: 54890
1723184452709	RemoteAgent	WARN	TLS certificate errors will be ignored for this session
JavaScript error: https://static.arxiv.org/MathJax-2.7.3/MathJax.js, line 19: InternalError: too much recursion
1723184469145	Marionette	INFO	Stopped listening on port 54890
Dynamically enable window occlusion 1
1723184550296	geckodriver	INFO	Listening on 127.0.0.1:54953
1723184553312	mozrunner::runner	INFO	Running command: "C:\\Program Files\\Mozilla Firefox\\firefox.exe" "--marionette" "-no-remote" "-profile" "C:\\Users\\HP\\AppData\\Local\\Temp\\rust_mozprofile3PiWX4"
console.warn: services.settings: Ignoring preference override of remote settings server
console.warn: services.settings: Allow by setting MOZ_REMOTE_SETTINGS_DEVTOOLS=1 in the environment
1723184553536	Marionette	INFO	Marionette enabled
Dynamically enable window occlusion 0
1723184553628	Marionette	INFO	Listening on port 54964
Read port: 54964
1723184553754	RemoteAgent	WARN	TLS certificate errors will be ignored for this session
1723184583572	addons.xpi	ERROR	System addon update list error SyntaxError: XMLHttpRequest.open: 'http://%(server)s/dummy-system-addons.xml' is not a valid URL.
1723184589572	Marionette	INFO	Stopped listening on port 54964
Dynamically enable window occlusion 1
JavaScript error: chrome://remote/content/marionette/cert.sys.mjs, line 47: NS_ERROR_NOT_AVAILABLE: Component returned failure code: 0x80040111 (NS_ERROR_NOT_AVAILABLE) [nsICertOverrideService.setDisableAllSecurityChecksAndLetAttackersInterceptMyData]
1723184629142	geckodriver	INFO	Listening on 127.0.0.1:55024
1723184632196	mozrunner::runner	INFO	Running command: "C:\\Program Files\\Mozilla Firefox\\firefox.exe" "--marionette" "-no-remote" "-profile" "C:\\Users\\HP\\AppData\\Local\\Temp\\rust_mozprofileOBxjhM"
console.warn: services.settings: Ignoring preference override of remote settings server
console.warn: services.settings: Allow by setting MOZ_REMOTE_SETTINGS_DEVTOOLS=1 in the environment
1723184632419	Marionette	INFO	Marionette enabled
Dynamically enable window occlusion 0
1723184632540	Marionette	INFO	Listening on port 55034
Read port: 55034
1723184632659	RemoteAgent	WARN	TLS certificate errors will be ignored for this session
JavaScript error: https://static.arxiv.org/MathJax-2.7.3/MathJax.js, line 19: InternalError: too much recursion
1723184661213	Marionette	INFO	Stopped listening on port 55034
Dynamically enable window occlusion 1
JavaScript error: chrome://remote/content/marionette/cert.sys.mjs, line 47: NS_ERROR_NOT_AVAILABLE: Component returned failure code: 0x80040111 (NS_ERROR_NOT_AVAILABLE) [nsICertOverrideService.setDisableAllSecurityChecksAndLetAttackersInterceptMyData]
1723187578661	geckodriver	INFO	Listening on 127.0.0.1:55605
1723187581725	mozrunner::runner	INFO	Running command: "C:\\Program Files\\Mozilla Firefox\\firefox.exe" "--marionette" "-no-remote" "-profile" "C:\\Users\\HP\\AppData\\Local\\Temp\\rust_mozprofilewjGUZw"
console.warn: services.settings: Ignoring preference override of remote settings server
console.warn: services.settings: Allow by setting MOZ_REMOTE_SETTINGS_DEVTOOLS=1 in the environment
1723187582152	Marionette	INFO	Marionette enabled
Dynamically enable window occlusion 0
1723187582258	Marionette	INFO	Listening on port 55620
Read port: 55620
1723187582441	RemoteAgent	WARN	TLS certificate errors will be ignored for this session
1723187592451	Marionette	INFO	Stopped listening on port 55620
Dynamically enable window occlusion 1
1723187996562	geckodriver	INFO	Listening on 127.0.0.1:55716
1723187999608	mozrunner::runner	INFO	Running command: "C:\\Program Files\\Mozilla Firefox\\firefox.exe" "--marionette" "-no-remote" "-profile" "C:\\Users\\HP\\AppData\\Local\\Temp\\rust_mozprofileAgE13B"
console.warn: services.settings: Ignoring preference override of remote settings server
console.warn: services.settings: Allow by setting MOZ_REMOTE_SETTINGS_DEVTOOLS=1 in the environment
1723187999973	Marionette	INFO	Marionette enabled
Dynamically enable window occlusion 0
1723188000086	Marionette	INFO	Listening on port 55726
Read port: 55726
1723188000278	RemoteAgent	WARN	TLS certificate errors will be ignored for this session
1723188030249	addons.xpi	ERROR	System addon update list error SyntaxError: XMLHttpRequest.open: 'http://%(server)s/dummy-system-addons.xml' is not a valid URL.
Exiting due to channel error.
Exiting due to channel error.
1723188104940	geckodriver	INFO	Listening on 127.0.0.1:55786
1723188107961	mozrunner::runner	INFO	Running command: "C:\\Program Files\\Mozilla Firefox\\firefox.exe" "--marionette" "-no-remote" "-profile" "C:\\Users\\HP\\AppData\\Local\\Temp\\rust_mozprofile5afyfA"
console.warn: services.settings: Ignoring preference override of remote settings server
console.warn: services.settings: Allow by setting MOZ_REMOTE_SETTINGS_DEVTOOLS=1 in the environment
1723188108280	Marionette	INFO	Marionette enabled
Dynamically enable window occlusion 0
1723188108375	Marionette	INFO	Listening on port 55796
Read port: 55796
1723188108540	RemoteAgent	WARN	TLS certificate errors will be ignored for this session
1723188138401	addons.xpi	ERROR	System addon update list error SyntaxError: XMLHttpRequest.open: 'http://%(server)s/dummy-system-addons.xml' is not a valid URL.
Exiting due to channel error.
Exiting due to channel error.
Exiting due to channel error.
Exiting due to channel error.
1723188165317	geckodriver	INFO	Listening on 127.0.0.1:55853
1723188168357	mozrunner::runner	INFO	Running command: "C:\\Program Files\\Mozilla Firefox\\firefox.exe" "--marionette" "-no-remote" "-profile" "C:\\Users\\HP\\AppData\\Local\\Temp\\rust_mozprofileGITVpu"
console.warn: services.settings: Ignoring preference override of remote settings server
console.warn: services.settings: Allow by setting MOZ_REMOTE_SETTINGS_DEVTOOLS=1 in the environment
1723188168747	Marionette	INFO	Marionette enabled
Dynamically enable window occlusion 0
1723188168842	Marionette	INFO	Listening on port 55863
Read port: 55863
1723188168996	RemoteAgent	WARN	TLS certificate errors will be ignored for this session
JavaScript error: https://static.arxiv.org/MathJax-2.7.3/MathJax.js, line 19: InternalError: too much recursion
1723188198799	addons.xpi	ERROR	System addon update list error SyntaxError: XMLHttpRequest.open: 'http://%(server)s/dummy-system-addons.xml' is not a valid URL.
1723188212386	Marionette	INFO	Stopped listening on port 55863
JavaScript warning: https://static.arxiv.org/MathJax-2.7.3/MathJax.js, line 19: Script terminated by timeout at:
cb@https://static.arxiv.org/MathJax-2.7.3/MathJax.js:19:2784

Dynamically enable window occlusion 1
1723188755603	geckodriver	INFO	Listening on 127.0.0.1:56018
1723188758674	mozrunner::runner	INFO	Running command: "C:\\Program Files\\Mozilla Firefox\\firefox.exe" "--marionette" "-no-remote" "-profile" "C:\\Users\\HP\\AppData\\Local\\Temp\\rust_mozprofilehcDOMM"
console.warn: services.settings: Ignoring preference override of remote settings server
console.warn: services.settings: Allow by setting MOZ_REMOTE_SETTINGS_DEVTOOLS=1 in the environment
1723188759166	Marionette	INFO	Marionette enabled
Dynamically enable window occlusion 0
1723188759514	Marionette	INFO	Listening on port 56029
Read port: 56029
1723188759697	RemoteAgent	WARN	TLS certificate errors will be ignored for this session
1723188789205	addons.xpi	ERROR	System addon update list error SyntaxError: XMLHttpRequest.open: 'http://%(server)s/dummy-system-addons.xml' is not a valid URL.
1723188809501	Marionette	INFO	Stopped listening on port 56029
Dynamically enable window occlusion 1
1723199027493	geckodriver	INFO	Listening on 127.0.0.1:57286
1723199030550	mozrunner::runner	INFO	Running command: "C:\\Program Files\\Mozilla Firefox\\firefox.exe" "--marionette" "-no-remote" "-profile" "C:\\Users\\HP\\AppData\\Local\\Temp\\rust_mozprofileLeeaKz"
console.warn: services.settings: Ignoring preference override of remote settings server
console.warn: services.settings: Allow by setting MOZ_REMOTE_SETTINGS_DEVTOOLS=1 in the environment
1723199030969	Marionette	INFO	Marionette enabled
Dynamically enable window occlusion 0
1723199031071	Marionette	INFO	Listening on port 57296
Read port: 57296
1723199031273	RemoteAgent	WARN	TLS certificate errors will be ignored for this session
1723199045274	Marionette	INFO	Stopped listening on port 57296
Dynamically enable window occlusion 1
JavaScript error: chrome://remote/content/marionette/cert.sys.mjs, line 47: NS_ERROR_NOT_AVAILABLE: Component returned failure code: 0x80040111 (NS_ERROR_NOT_AVAILABLE) [nsICertOverrideService.setDisableAllSecurityChecksAndLetAttackersInterceptMyData]
console.error: (new Error("Data is not ready.", "resource://gre/modules/JSONFile.sys.mjs", 178))
1723444595258	geckodriver	INFO	Listening on 127.0.0.1:51109
1723444598347	mozrunner::runner	INFO	Running command: "C:\\Program Files\\Mozilla Firefox\\firefox.exe" "--marionette" "-no-remote" "-profile" "C:\\Users\\HP\\AppData\\Local\\Temp\\rust_mozprofileWDxC5S"
console.warn: services.settings: Ignoring preference override of remote settings server
console.warn: services.settings: Allow by setting MOZ_REMOTE_SETTINGS_DEVTOOLS=1 in the environment
1723444598865	Marionette	INFO	Marionette enabled
Dynamically enable window occlusion 0
1723444599474	Marionette	INFO	Listening on port 51145
Read port: 51145
1723444599637	RemoteAgent	WARN	TLS certificate errors will be ignored for this session
console.error: (new TypeError("NetworkError: Network request failed", "resource://services-settings/Utils.sys.mjs", 236))
console.error: (new TypeError("NetworkError: Network request failed", "resource://services-settings/Utils.sys.mjs", 236))
console.error: (new TypeError("NetworkError: Network request failed", "resource://services-settings/Utils.sys.mjs", 236))
console.error: ({})
console.error: ({})
JavaScript error: https://static.arxiv.org/MathJax-2.7.3/MathJax.js, line 19: InternalError: too much recursion
JavaScript error: https://static.arxiv.org/MathJax-2.7.3/MathJax.js, line 19: InternalError: too much recursion
1723444628912	addons.xpi	ERROR	System addon update list error SyntaxError: XMLHttpRequest.open: 'http://%(server)s/dummy-system-addons.xml' is not a valid URL.
JavaScript warning: https://static.arxiv.org/MathJax-2.7.3/jax/output/HTML-CSS/jax.js?V=2.7.3, line 19: Script terminated by timeout at:
postTranslate@https://static.arxiv.org/MathJax-2.7.3/jax/output/HTML-CSS/jax.js?V=2.7.3:19:17797
Translate@https://static.arxiv.org/MathJax-2.7.3/jax/output/HTML-CSS/jax.js?V=2.7.3:19:16837
processOutput@https://static.arxiv.org/MathJax-2.7.3/MathJax.js:19:40875
execute@https://static.arxiv.org/MathJax-2.7.3/MathJax.js:19:3242
cb@https://static.arxiv.org/MathJax-2.7.3/MathJax.js:19:2819
AFTER@https://static.arxiv.org/MathJax-2.7.3/MathJax.js:19:6707
processError@https://static.arxiv.org/MathJax-2.7.3/MathJax.js:19:41888
processOutput@https://static.arxiv.org/MathJax-2.7.3/MathJax.js:19:41255
execute@https://static.arxiv.org/MathJax-2.7.3/MathJax.js:19:3242
cb@https://static.arxiv.org/MathJax-2.7.3/MathJax.js:19:2819
AFTER@https://static.arxiv.org/MathJax-2.7.3/MathJax.js:19:6707
processError@https://static.arxiv.org/MathJax-2.7.3/MathJax.js:19:41888
processOutput@https://static.arxiv.org/MathJax-2.7.3/MathJax.js:19:41255
execute@https://static.arxiv.org/MathJax-2.7.3/MathJax.js:19:3242
cb@https://static.arxiv.org/MathJax-2.7.3/MathJax.js:19:2819
AFTER@https://static.arxiv.org/MathJax-2.7.3/MathJax.js:19:6707
processError@https://static.arxiv.org/MathJax-2.7.3/MathJax.js:19:41888
processOutput@https://static.arxiv.org/MathJax-2.7.3/MathJax.js:19:41255
execute@https://static.arxiv.org/MathJax-2.7.3/MathJax.js:19:3242
cb@https://static.arxiv.org/MathJax-2.7.3/MathJax.js:19:2819
AFTER@https://static.arxiv.org/MathJax-2.7.3/MathJax.js:19:6707
processError@https://static.arxiv.org/MathJax-2.7.3/MathJax.js:19:41888
processOutput@https://static.arxiv.org/MathJax-2.7.3/MathJax.js:19:41255
execute@https://static.arxiv.org/MathJax-2.7.3/MathJax.js:19:3242
cb@https://static.arxiv.org/MathJax-2.7.3/MathJax.js:19:2819
Process@https://static.arxiv.org/MathJax-2.7.3/MathJax.js:19:8703
call@https://static.arxiv.org/MathJax-2.7.3/MathJax.js:19:8960
WAITEXECUTE@https://static.arxiv.org/MathJax-2.7.3/MathJax.js:19:6188
cb@https://static.arxiv.org/MathJax-2.7.3/MathJax.js:19:2819

1723444643383	Marionette	INFO	Stopped listening on port 51145
Dynamically enable window occlusion 1
JavaScript error: chrome://remote/content/marionette/cert.sys.mjs, line 47: NS_ERROR_NOT_AVAILABLE: Component returned failure code: 0x80040111 (NS_ERROR_NOT_AVAILABLE) [nsICertOverrideService.setDisableAllSecurityChecksAndLetAttackersInterceptMyData]
JavaScript error: chrome://remote/content/marionette/cert.sys.mjs, line 47: NS_ERROR_NOT_AVAILABLE: Component returned failure code: 0x80040111 (NS_ERROR_NOT_AVAILABLE) [nsICertOverrideService.setDisableAllSecurityChecksAndLetAttackersInterceptMyData]
1724172215793	geckodriver	INFO	Listening on 127.0.0.1:50425
1724172218856	mozrunner::runner	INFO	Running command: "C:\\Program Files\\Mozilla Firefox\\firefox.exe" "--marionette" "--headless" "-no-remote" "-profile" "C:\\Users\\HP\\AppData\\Local\\Temp\\rust_mozprofileAsEeex"
*** You are running in headless mode.
console.warn: services.settings: Ignoring preference override of remote settings server
console.warn: services.settings: Allow by setting MOZ_REMOTE_SETTINGS_DEVTOOLS=1 in the environment
1724172219297	Marionette	INFO	Marionette enabled
Dynamically enable window occlusion 0
1724172219401	Marionette	INFO	Listening on port 50436
Read port: 50436
1724172219552	RemoteAgent	WARN	TLS certificate errors will be ignored for this session
[GFX1-]: RenderCompositorSWGL failed mapping default framebuffer, no dt
console.error: ({})
1724172249433	addons.xpi	ERROR	System addon update list error SyntaxError: XMLHttpRequest.open: 'http://%(server)s/dummy-system-addons.xml' is not a valid URL.
Exiting due to channel error.
Exiting due to channel error.
1724172287417	geckodriver	INFO	Listening on 127.0.0.1:50531
1724172290445	mozrunner::runner	INFO	Running command: "C:\\Program Files\\Mozilla Firefox\\firefox.exe" "--marionette" "--headless" "-no-remote" "-profile" "C:\\Users\\HP\\AppData\\Local\\Temp\\rust_mozprofileMlq78j"
*** You are running in headless mode.
console.warn: services.settings: Ignoring preference override of remote settings server
console.warn: services.settings: Allow by setting MOZ_REMOTE_SETTINGS_DEVTOOLS=1 in the environment
1724172290806	Marionette	INFO	Marionette enabled
Dynamically enable window occlusion 0
1724172290906	Marionette	INFO	Listening on port 50541
Read port: 50541
1724172291034	RemoteAgent	WARN	TLS certificate errors will be ignored for this session
[GFX1-]: RenderCompositorSWGL failed mapping default framebuffer, no dt
console.error: ({})
1724172320846	addons.xpi	ERROR	System addon update list error SyntaxError: XMLHttpRequest.open: 'http://%(server)s/dummy-system-addons.xml' is not a valid URL.
JavaScript error: , line 0: NS_ERROR_NOT_AVAILABLE
JavaScript error: , line 0: NotFoundError: Could not move `C:\Users\HP\AppData\Local\Temp\rust_mozprofileMlq78j\bookmarkbackups\bookmarks-2024-08-21.jsonlz4' to `C:\Users\HP\AppData\Local\Temp\rust_mozprofileMlq78j\bookmarkbackups\bookmarks-2024-08-21_11_d-GblUq2pT1qL1HSOJvG1utY2seBgE8kpfhOCM6oSWI=.jsonlz4': source file does not exist (NS_ERROR_FILE_NOT_FOUND)
1724322657304	geckodriver	INFO	Listening on 127.0.0.1:52701
1724322660388	mozrunner::runner	INFO	Running command: "C:\\Program Files\\Mozilla Firefox\\firefox.exe" "--marionette" "--headless" "-no-remote" "-profile" "C:\\Users\\HP\\AppData\\Local\\Temp\\rust_mozprofileNwMiG6"
*** You are running in headless mode.
1724324033746	geckodriver	INFO	Listening on 127.0.0.1:52830
1724324036828	mozrunner::runner	INFO	Running command: "C:\\Program Files\\Mozilla Firefox\\firefox.exe" "--marionette" "-no-remote" "-profile" "C:\\Users\\HP\\AppData\\Local\\Temp\\rust_mozprofile7YVmc0"
console.warn: services.settings: Ignoring preference override of remote settings server
console.warn: services.settings: Allow by setting MOZ_REMOTE_SETTINGS_DEVTOOLS=1 in the environment
1724324037196	Marionette	INFO	Marionette enabled
Dynamically enable window occlusion 0
1724324037324	Marionette	INFO	Listening on port 52840
Read port: 52840
1724324037498	RemoteAgent	WARN	TLS certificate errors will be ignored for this session
JavaScript error: https://docs.google.com/spreadsheets/d/1XA76yuFM_4mtkQW__2fryUBMe5EZ6XMWtBHxylhV6k8/htmlview?gid=837984260#, line 62: ReferenceError: posObjs is not defined
1724324047220	Marionette	INFO	Stopped listening on port 52840
Dynamically enable window occlusion 1
1724324243971	geckodriver	INFO	Listening on 127.0.0.1:52956
1724324247011	mozrunner::runner	INFO	Running command: "C:\\Program Files\\Mozilla Firefox\\firefox.exe" "--marionette" "-no-remote" "-profile" "C:\\Users\\HP\\AppData\\Local\\Temp\\rust_mozprofiles8QRWt"
console.warn: services.settings: Ignoring preference override of remote settings server
console.warn: services.settings: Allow by setting MOZ_REMOTE_SETTINGS_DEVTOOLS=1 in the environment
1724324247395	Marionette	INFO	Marionette enabled
Dynamically enable window occlusion 0
1724324247512	Marionette	INFO	Listening on port 52966
Read port: 52966
1724324247667	RemoteAgent	WARN	TLS certificate errors will be ignored for this session
JavaScript error: https://docs.google.com/spreadsheets/d/1XA76yuFM_4mtkQW__2fryUBMe5EZ6XMWtBHxylhV6k8/htmlview?gid=837984260#, line 62: ReferenceError: posObjs is not defined
1724324256979	Marionette	INFO	Stopped listening on port 52966
Dynamically enable window occlusion 1
1724324292183	geckodriver	INFO	Listening on 127.0.0.1:53013
1724324295229	mozrunner::runner	INFO	Running command: "C:\\Program Files\\Mozilla Firefox\\firefox.exe" "--marionette" "-no-remote" "-profile" "C:\\Users\\HP\\AppData\\Local\\Temp\\rust_mozprofile2ROLuL"
console.warn: services.settings: Ignoring preference override of remote settings server
console.warn: services.settings: Allow by setting MOZ_REMOTE_SETTINGS_DEVTOOLS=1 in the environment
1724324295565	Marionette	INFO	Marionette enabled
Dynamically enable window occlusion 0
1724324295683	Marionette	INFO	Listening on port 53023
Read port: 53023
1724324295844	RemoteAgent	WARN	TLS certificate errors will be ignored for this session
JavaScript error: https://docs.google.com/spreadsheets/d/1XA76yuFM_4mtkQW__2fryUBMe5EZ6XMWtBHxylhV6k8/htmlview?gid=837984260#, line 62: ReferenceError: posObjs is not defined
1724324304664	Marionette	INFO	Stopped listening on port 53023
Dynamically enable window occlusion 1
1724324329090	geckodriver	INFO	Listening on 127.0.0.1:53071
1724324332112	mozrunner::runner	INFO	Running command: "C:\\Program Files\\Mozilla Firefox\\firefox.exe" "--marionette" "-no-remote" "-profile" "C:\\Users\\HP\\AppData\\Local\\Temp\\rust_mozprofileodHiGh"
console.warn: services.settings: Ignoring preference override of remote settings server
console.warn: services.settings: Allow by setting MOZ_REMOTE_SETTINGS_DEVTOOLS=1 in the environment
1724324332441	Marionette	INFO	Marionette enabled
Dynamically enable window occlusion 0
1724324332556	Marionette	INFO	Listening on port 53081
Read port: 53081
1724324332713	RemoteAgent	WARN	TLS certificate errors will be ignored for this session
JavaScript error: https://docs.google.com/spreadsheets/d/1XA76yuFM_4mtkQW__2fryUBMe5EZ6XMWtBHxylhV6k8/htmlview?gid=837984260#, line 62: ReferenceError: posObjs is not defined
1724324337750	Marionette	INFO	Stopped listening on port 53081
Dynamically enable window occlusion 1
1724324349337	geckodriver	INFO	Listening on 127.0.0.1:53122
1724324352383	mozrunner::runner	INFO	Running command: "C:\\Program Files\\Mozilla Firefox\\firefox.exe" "--marionette" "-no-remote" "-profile" "C:\\Users\\HP\\AppData\\Local\\Temp\\rust_mozprofileuUsexK"
console.warn: services.settings: Ignoring preference override of remote settings server
console.warn: services.settings: Allow by setting MOZ_REMOTE_SETTINGS_DEVTOOLS=1 in the environment
1724324352713	Marionette	INFO	Marionette enabled
Dynamically enable window occlusion 0
1724324352832	Marionette	INFO	Listening on port 53132
Read port: 53132
1724324352987	RemoteAgent	WARN	TLS certificate errors will be ignored for this session
JavaScript error: https://docs.google.com/spreadsheets/d/1XA76yuFM_4mtkQW__2fryUBMe5EZ6XMWtBHxylhV6k8/htmlview?gid=837984260#, line 62: ReferenceError: posObjs is not defined
1724324356786	Marionette	INFO	Stopped listening on port 53132
Dynamically enable window occlusion 1
1724324406895	geckodriver	INFO	Listening on 127.0.0.1:53196
1724324415379	geckodriver	INFO	Listening on 127.0.0.1:53203
1724324418443	mozrunner::runner	INFO	Running command: "C:\\Program Files\\Mozilla Firefox\\firefox.exe" "--marionette" "-no-remote" "-profile" "C:\\Users\\HP\\AppData\\Local\\Temp\\rust_mozprofilevFYvNY"
console.warn: services.settings: Ignoring preference override of remote settings server
console.warn: services.settings: Allow by setting MOZ_REMOTE_SETTINGS_DEVTOOLS=1 in the environment
1724324418768	Marionette	INFO	Marionette enabled
Dynamically enable window occlusion 0
1724324418899	Marionette	INFO	Listening on port 53213
Read port: 53213
1724324419074	RemoteAgent	WARN	TLS certificate errors will be ignored for this session
JavaScript error: https://docs.google.com/spreadsheets/d/1XA76yuFM_4mtkQW__2fryUBMe5EZ6XMWtBHxylhV6k8/htmlview?gid=837984260#, line 62: ReferenceError: posObjs is not defined
1724324423054	Marionette	INFO	Stopped listening on port 53213
Dynamically enable window occlusion 1
1724324427210	geckodriver	INFO	Listening on 127.0.0.1:53254
1724324430270	mozrunner::runner	INFO	Running command: "C:\\Program Files\\Mozilla Firefox\\firefox.exe" "--marionette" "-no-remote" "-profile" "C:\\Users\\HP\\AppData\\Local\\Temp\\rust_mozprofileCb4ScA"
console.warn: services.settings: Ignoring preference override of remote settings server
console.warn: services.settings: Allow by setting MOZ_REMOTE_SETTINGS_DEVTOOLS=1 in the environment
1724324430595	Marionette	INFO	Marionette enabled
Dynamically enable window occlusion 0
1724324430738	Marionette	INFO	Listening on port 53264
Read port: 53264
1724324430900	RemoteAgent	WARN	TLS certificate errors will be ignored for this session
JavaScript error: https://docs.google.com/spreadsheets/d/1XA76yuFM_4mtkQW__2fryUBMe5EZ6XMWtBHxylhV6k8/htmlview?gid=837984260#, line 62: ReferenceError: posObjs is not defined
1724324434605	Marionette	INFO	Stopped listening on port 53264
Dynamically enable window occlusion 1
1724324477898	geckodriver	INFO	Listening on 127.0.0.1:53306
1724324480934	mozrunner::runner	INFO	Running command: "C:\\Program Files\\Mozilla Firefox\\firefox.exe" "--marionette" "-no-remote" "-profile" "C:\\Users\\HP\\AppData\\Local\\Temp\\rust_mozprofileyBmj5x"
console.warn: services.settings: Ignoring preference override of remote settings server
console.warn: services.settings: Allow by setting MOZ_REMOTE_SETTINGS_DEVTOOLS=1 in the environment
1724324481264	Marionette	INFO	Marionette enabled
Dynamically enable window occlusion 0
1724324481413	Marionette	INFO	Listening on port 53316
Read port: 53316
1724324481579	RemoteAgent	WARN	TLS certificate errors will be ignored for this session
JavaScript error: https://docs.google.com/spreadsheets/d/1XA76yuFM_4mtkQW__2fryUBMe5EZ6XMWtBHxylhV6k8/htmlview?gid=837984260#, line 62: ReferenceError: posObjs is not defined
1724324511605	addons.xpi	ERROR	System addon update list error SyntaxError: XMLHttpRequest.open: 'http://%(server)s/dummy-system-addons.xml' is not a valid URL.
JavaScript error: , line 0: NS_ERROR_NOT_AVAILABLE
JavaScript error: resource://gre/modules/AsyncShutdown.sys.mjs, line 569: NotFoundError: No such JSProcessActor 'DevToolsProcess'
JavaScript error: resource://gre/modules/AsyncShutdown.sys.mjs, line 569: NotFoundError: No such JSProcessActor 'DevToolsProcess'
JavaScript error: resource://gre/modules/AsyncShutdown.sys.mjs, line 569: NotFoundError: No such JSProcessActor 'DevToolsProcess'
1724330876434	Marionette	INFO	Stopped listening on port 53316
Dynamically enable window occlusion 1
console.error: "Error in worker resource://devtools/client/shared/source-map-loader/worker.js" ": "
JavaScript error: chrome://remote/content/marionette/cert.sys.mjs, line 47: NS_ERROR_NOT_AVAILABLE: Component returned failure code: 0x80040111 (NS_ERROR_NOT_AVAILABLE) [nsICertOverrideService.setDisableAllSecurityChecksAndLetAttackersInterceptMyData]
1724330997972	geckodriver	INFO	Listening on 127.0.0.1:53498
1724331001017	mozrunner::runner	INFO	Running command: "C:\\Program Files\\Mozilla Firefox\\firefox.exe" "--marionette" "-no-remote" "-profile" "C:\\Users\\HP\\AppData\\Local\\Temp\\rust_mozprofileEVvyAR"
console.warn: services.settings: Ignoring preference override of remote settings server
console.warn: services.settings: Allow by setting MOZ_REMOTE_SETTINGS_DEVTOOLS=1 in the environment
1724331001385	Marionette	INFO	Marionette enabled
Dynamically enable window occlusion 0
1724331001507	Marionette	INFO	Listening on port 53508
Read port: 53508
1724331001656	RemoteAgent	WARN	TLS certificate errors will be ignored for this session
JavaScript error: https://docs.google.com/spreadsheets/d/1XA76yuFM_4mtkQW__2fryUBMe5EZ6XMWtBHxylhV6k8/htmlview?gid=837984260#, line 62: ReferenceError: posObjs is not defined
1724331031417	addons.xpi	ERROR	System addon update list error SyntaxError: XMLHttpRequest.open: 'http://%(server)s/dummy-system-addons.xml' is not a valid URL.
1724331036940	Marionette	INFO	Stopped listening on port 53508
Dynamically enable window occlusion 1
console.error: (new AbortError("IndexedDB: main/search-categorization getLastModified() IndexedDB:  execute() A request was aborted, for example through a call to IDBTransaction.abort.", "resource://services-settings/IDBHelpers.sys.mjs", 16))
1724331173595	geckodriver	INFO	Listening on 127.0.0.1:53569
1724331176627	mozrunner::runner	INFO	Running command: "C:\\Program Files\\Mozilla Firefox\\firefox.exe" "--marionette" "-no-remote" "-profile" "C:\\Users\\HP\\AppData\\Local\\Temp\\rust_mozprofile1yUrCH"
console.warn: services.settings: Ignoring preference override of remote settings server
console.warn: services.settings: Allow by setting MOZ_REMOTE_SETTINGS_DEVTOOLS=1 in the environment
1724331177145	Marionette	INFO	Marionette enabled
Dynamically enable window occlusion 0
1724331177366	Marionette	INFO	Listening on port 53579
Read port: 53579
1724331177557	RemoteAgent	WARN	TLS certificate errors will be ignored for this session
JavaScript error: https://docs.google.com/spreadsheets/d/1XA76yuFM_4mtkQW__2fryUBMe5EZ6XMWtBHxylhV6k8/htmlview?gid=837984260#, line 62: ReferenceError: posObjs is not defined
1724331207871	addons.xpi	ERROR	System addon update list error SyntaxError: XMLHttpRequest.open: 'http://%(server)s/dummy-system-addons.xml' is not a valid URL.
1724331294598	Marionette	INFO	Stopped listening on port 53579
Dynamically enable window occlusion 1

console.warn: services.settings: Ignoring preference override of remote settings server
console.warn: services.settings: Allow by setting MOZ_REMOTE_SETTINGS_DEVTOOLS=1 in the environment
1724331197023	Marionette	INFO	Marionette enabled
Dynamically enable window occlusion 0
1724331197136	Marionette	INFO	Listening on port 53639
Read port: 53639
1724331197301	RemoteAgent	WARN	TLS certificate errors will be ignored for this session
JavaScript error: https://docs.google.com/spreadsheets/d/1XA76yuFM_4mtkQW__2fryUBMe5EZ6XMWtBHxylhV6k8/htmlview?gid=837984260#, line 62: ReferenceError: posObjs is not defined
1724331228528	addons.xpi	ERROR	System addon update list error SyntaxError: XMLHttpRequest.open: 'http://%(server)s/dummy-system-addons.xml' is not a valid URL.
1724331244265	Marionette	INFO	Stopped listening on port 53639
Dynamically enable window occlusion 1
1724331422325	geckodriver	INFO	Listening on 127.0.0.1:53699
1724331425348	mozrunner::runner	INFO	Running command: "C:\\Program Files\\Mozilla Firefox\\firefox.exe" "--marionette" "-no-remote" "-profile" "C:\\Users\\HP\\AppData\\Local\\Temp\\rust_mozprofile6vRHLH"
console.warn: services.settings: Ignoring preference override of remote settings server
console.warn: services.settings: Allow by setting MOZ_REMOTE_SETTINGS_DEVTOOLS=1 in the environment
1724331425684	Marionette	INFO	Marionette enabled
Dynamically enable window occlusion 0
1724331425771	Marionette	INFO	Listening on port 53709
Read port: 53709
1724331425929	RemoteAgent	WARN	TLS certificate errors will be ignored for this session
JavaScript error: https://docs.google.com/spreadsheets/d/1XA76yuFM_4mtkQW__2fryUBMe5EZ6XMWtBHxylhV6k8/htmlview?gid=837984260#, line 62: ReferenceError: posObjs is not defined
1724331435269	Marionette	INFO	Stopped listening on port 53709
Dynamically enable window occlusion 1
1724331621505	geckodriver	INFO	Listening on 127.0.0.1:53764
1724331624554	mozrunner::runner	INFO	Running command: "C:\\Program Files\\Mozilla Firefox\\firefox.exe" "--marionette" "-no-remote" "-profile" "C:\\Users\\HP\\AppData\\Local\\Temp\\rust_mozprofileCPba02"
console.warn: services.settings: Ignoring preference override of remote settings server
console.warn: services.settings: Allow by setting MOZ_REMOTE_SETTINGS_DEVTOOLS=1 in the environment
1724331624873	Marionette	INFO	Marionette enabled
Dynamically enable window occlusion 0
1724331624962	Marionette	INFO	Listening on port 53774
Read port: 53774
1724331625029	RemoteAgent	WARN	TLS certificate errors will be ignored for this session
JavaScript error: https://docs.google.com/spreadsheets/d/1XA76yuFM_4mtkQW__2fryUBMe5EZ6XMWtBHxylhV6k8/htmlview?gid=837984260#, line 62: ReferenceError: posObjs is not defined
1724331635713	Marionette	INFO	Stopped listening on port 53774
Dynamically enable window occlusion 1
console.error: (new TypeError("NetworkError: Network request failed", "resource://services-settings/Utils.sys.mjs", 236))
console.error: (new NetworkError("Network error: TypeError: NetworkError: Network request failed", "resource://services-settings/RemoteSettingsClient.sys.mjs", 107))
1724331818502	geckodriver	INFO	Listening on 127.0.0.1:53829
1724331821548	mozrunner::runner	INFO	Running command: "C:\\Program Files\\Mozilla Firefox\\firefox.exe" "--marionette" "-no-remote" "-profile" "C:\\Users\\HP\\AppData\\Local\\Temp\\rust_mozprofile6hXC3P"
console.warn: services.settings: Ignoring preference override of remote settings server
console.warn: services.settings: Allow by setting MOZ_REMOTE_SETTINGS_DEVTOOLS=1 in the environment
1724331821875	Marionette	INFO	Marionette enabled
Dynamically enable window occlusion 0
1724331821977	Marionette	INFO	Listening on port 53839
Read port: 53839
1724331822135	RemoteAgent	WARN	TLS certificate errors will be ignored for this session
JavaScript error: https://docs.google.com/spreadsheets/d/1XA76yuFM_4mtkQW__2fryUBMe5EZ6XMWtBHxylhV6k8/htmlview?gid=837984260#, line 62: ReferenceError: posObjs is not defined
JavaScript error: https://docs.google.com/spreadsheets/d/1XA76yuFM_4mtkQW__2fryUBMe5EZ6XMWtBHxylhV6k8/htmlview?gid=837984260#, line 62: ReferenceError: posObjs is not defined
JavaScript error: https://docs.google.com/spreadsheets/d/1XA76yuFM_4mtkQW__2fryUBMe5EZ6XMWtBHxylhV6k8/htmlview?gid=837984260#, line 62: ReferenceError: posObjs is not defined
JavaScript error: https://docs.google.com/spreadsheets/d/1XA76yuFM_4mtkQW__2fryUBMe5EZ6XMWtBHxylhV6k8/htmlview?gid=837984260#, line 62: ReferenceError: posObjs is not defined
1724331852895	addons.xpi	ERROR	System addon update list error SyntaxError: XMLHttpRequest.open: 'http://%(server)s/dummy-system-addons.xml' is not a valid URL.
JavaScript error: https://docs.google.com/spreadsheets/d/1XA76yuFM_4mtkQW__2fryUBMe5EZ6XMWtBHxylhV6k8/htmlview?gid=837984260#, line 62: ReferenceError: posObjs is not defined
JavaScript error: https://docs.google.com/spreadsheets/d/1XA76yuFM_4mtkQW__2fryUBMe5EZ6XMWtBHxylhV6k8/htmlview?gid=837984260#, line 62: ReferenceError: posObjs is not defined
JavaScript error: https://docs.google.com/spreadsheets/d/1XA76yuFM_4mtkQW__2fryUBMe5EZ6XMWtBHxylhV6k8/htmlview?gid=837984260#, line 62: ReferenceError: posObjs is not defined
1724331865409	Marionette	INFO	Stopped listening on port 53839
Dynamically enable window occlusion 1
1724332158258	geckodriver	INFO	Listening on 127.0.0.1:53967
1724332161311	mozrunner::runner	INFO	Running command: "C:\\Program Files\\Mozilla Firefox\\firefox.exe" "--marionette" "-no-remote" "-profile" "C:\\Users\\HP\\AppData\\Local\\Temp\\rust_mozprofileVZVTDK"
console.warn: services.settings: Ignoring preference override of remote settings server
console.warn: services.settings: Allow by setting MOZ_REMOTE_SETTINGS_DEVTOOLS=1 in the environment
1724332161637	Marionette	INFO	Marionette enabled
Dynamically enable window occlusion 0
1724332161726	Marionette	INFO	Listening on port 53977
Read port: 53977
1724332161904	RemoteAgent	WARN	TLS certificate errors will be ignored for this session
JavaScript error: https://docs.google.com/spreadsheets/d/1XA76yuFM_4mtkQW__2fryUBMe5EZ6XMWtBHxylhV6k8/htmlview?gid=837984260#, line 62: ReferenceError: posObjs is not defined
JavaScript error: https://docs.google.com/spreadsheets/d/1XA76yuFM_4mtkQW__2fryUBMe5EZ6XMWtBHxylhV6k8/htmlview?gid=837984260#, line 62: ReferenceError: posObjs is not defined
JavaScript error: https://docs.google.com/spreadsheets/d/1XA76yuFM_4mtkQW__2fryUBMe5EZ6XMWtBHxylhV6k8/htmlview?gid=837984260#, line 62: ReferenceError: posObjs is not defined
JavaScript error: https://docs.google.com/spreadsheets/d/1XA76yuFM_4mtkQW__2fryUBMe5EZ6XMWtBHxylhV6k8/htmlview?gid=837984260#, line 62: ReferenceError: posObjs is not defined
JavaScript error: https://docs.google.com/spreadsheets/d/1XA76yuFM_4mtkQW__2fryUBMe5EZ6XMWtBHxylhV6k8/htmlview?gid=837984260#, line 62: ReferenceError: posObjs is not defined
JavaScript error: https://docs.google.com/spreadsheets/d/1XA76yuFM_4mtkQW__2fryUBMe5EZ6XMWtBHxylhV6k8/htmlview?gid=837984260#, line 62: ReferenceError: posObjs is not defined
JavaScript error: https://docs.google.com/spreadsheets/d/1XA76yuFM_4mtkQW__2fryUBMe5EZ6XMWtBHxylhV6k8/htmlview?gid=837984260#, line 62: ReferenceError: posObjs is not defined
1724332187708	Marionette	INFO	Stopped listening on port 53977
Dynamically enable window occlusion 1
1724351452463	geckodriver	INFO	Listening on 127.0.0.1:55080
1724351455555	mozrunner::runner	INFO	Running command: "C:\\Program Files\\Mozilla Firefox\\firefox.exe" "--marionette" "-no-remote" "-profile" "C:\\Users\\HP\\AppData\\Local\\Temp\\rust_mozprofile0WcNJh"
console.warn: services.settings: Ignoring preference override of remote settings server
console.warn: services.settings: Allow by setting MOZ_REMOTE_SETTINGS_DEVTOOLS=1 in the environment
1724351456027	Marionette	INFO	Marionette enabled
Dynamically enable window occlusion 0
1724351456140	Marionette	INFO	Listening on port 55090
Read port: 55090
1724351456371	RemoteAgent	WARN	TLS certificate errors will be ignored for this session
JavaScript error: https://docs.google.com/spreadsheets/d/1XA76yuFM_4mtkQW__2fryUBMe5EZ6XMWtBHxylhV6k8/htmlview?gid=837984260#, line 62: ReferenceError: posObjs is not defined
JavaScript error: https://docs.google.com/spreadsheets/d/1XA76yuFM_4mtkQW__2fryUBMe5EZ6XMWtBHxylhV6k8/htmlview?gid=837984260#, line 62: ReferenceError: posObjs is not defined
JavaScript error: https://docs.google.com/spreadsheets/d/1XA76yuFM_4mtkQW__2fryUBMe5EZ6XMWtBHxylhV6k8/htmlview?gid=837984260#, line 62: ReferenceError: posObjs is not defined
JavaScript error: https://docs.google.com/spreadsheets/d/1XA76yuFM_4mtkQW__2fryUBMe5EZ6XMWtBHxylhV6k8/htmlview?gid=837984260#, line 62: ReferenceError: posObjs is not defined
JavaScript error: https://docs.google.com/spreadsheets/d/1XA76yuFM_4mtkQW__2fryUBMe5EZ6XMWtBHxylhV6k8/htmlview?gid=837984260#, line 62: ReferenceError: posObjs is not defined
JavaScript error: https://docs.google.com/spreadsheets/d/1XA76yuFM_4mtkQW__2fryUBMe5EZ6XMWtBHxylhV6k8/htmlview?gid=837984260#, line 62: ReferenceError: posObjs is not defined
JavaScript error: https://docs.google.com/spreadsheets/d/1XA76yuFM_4mtkQW__2fryUBMe5EZ6XMWtBHxylhV6k8/htmlview?gid=837984260#, line 62: ReferenceError: posObjs is not defined
1724351483613	Marionette	INFO	Stopped listening on port 55090
Dynamically enable window occlusion 1
1724352445535	geckodriver	INFO	Listening on 127.0.0.1:55219
1724352461723	geckodriver	INFO	Listening on 127.0.0.1:55226
1724352464782	mozrunner::runner	INFO	Running command: "C:\\Program Files\\Mozilla Firefox\\firefox.exe" "--marionette" "-no-remote" "-profile" "C:\\Users\\HP\\AppData\\Local\\Temp\\rust_mozprofilenZtNen"
console.warn: services.settings: Ignoring preference override of remote settings server
console.warn: services.settings: Allow by setting MOZ_REMOTE_SETTINGS_DEVTOOLS=1 in the environment
1724352465120	Marionette	INFO	Marionette enabled
Dynamically enable window occlusion 0
1724352465219	Marionette	INFO	Listening on port 55236
Read port: 55236
1724352465401	RemoteAgent	WARN	TLS certificate errors will be ignored for this session
JavaScript error: https://docs.google.com/spreadsheets/d/1XA76yuFM_4mtkQW__2fryUBMe5EZ6XMWtBHxylhV6k8/htmlview?gid=837984260#, line 62: ReferenceError: posObjs is not defined
JavaScript error: https://docs.google.com/spreadsheets/d/1XA76yuFM_4mtkQW__2fryUBMe5EZ6XMWtBHxylhV6k8/htmlview?gid=837984260#, line 62: ReferenceError: posObjs is not defined
JavaScript error: https://docs.google.com/spreadsheets/d/1XA76yuFM_4mtkQW__2fryUBMe5EZ6XMWtBHxylhV6k8/htmlview?gid=837984260#, line 62: ReferenceError: posObjs is not defined
JavaScript error: https://docs.google.com/spreadsheets/d/1XA76yuFM_4mtkQW__2fryUBMe5EZ6XMWtBHxylhV6k8/htmlview?gid=837984260#, line 62: ReferenceError: posObjs is not defined
JavaScript error: https://docs.google.com/spreadsheets/d/1XA76yuFM_4mtkQW__2fryUBMe5EZ6XMWtBHxylhV6k8/htmlview?gid=837984260#, line 62: ReferenceError: posObjs is not defined
JavaScript error: https://docs.google.com/spreadsheets/d/1XA76yuFM_4mtkQW__2fryUBMe5EZ6XMWtBHxylhV6k8/htmlview?gid=837984260#, line 62: ReferenceError: posObjs is not defined
JavaScript error: https://docs.google.com/spreadsheets/d/1XA76yuFM_4mtkQW__2fryUBMe5EZ6XMWtBHxylhV6k8/htmlview?gid=837984260#, line 62: ReferenceError: posObjs is not defined
1724352473831	Marionette	INFO	Stopped listening on port 55236
Dynamically enable window occlusion 1
1724397371875	geckodriver	INFO	Listening on 127.0.0.1:56750
1724397374982	mozrunner::runner	INFO	Running command: "C:\\Program Files\\Mozilla Firefox\\firefox.exe" "--marionette" "-no-remote" "-profile" "C:\\Users\\HP\\AppData\\Local\\Temp\\rust_mozprofileBCSHgH"
console.warn: services.settings: Ignoring preference override of remote settings server
console.warn: services.settings: Allow by setting MOZ_REMOTE_SETTINGS_DEVTOOLS=1 in the environment
1724397375365	Marionette	INFO	Marionette enabled
Dynamically enable window occlusion 0
1724397375463	Marionette	INFO	Listening on port 56800
Read port: 56800
1724397375633	RemoteAgent	WARN	TLS certificate errors will be ignored for this session
JavaScript error: https://docs.google.com/spreadsheets/d/1XA76yuFM_4mtkQW__2fryUBMe5EZ6XMWtBHxylhV6k8/htmlview?gid=837984260#, line 62: ReferenceError: posObjs is not defined
JavaScript error: https://docs.google.com/spreadsheets/d/1XA76yuFM_4mtkQW__2fryUBMe5EZ6XMWtBHxylhV6k8/htmlview?gid=837984260#, line 62: ReferenceError: posObjs is not defined
JavaScript error: https://docs.google.com/spreadsheets/d/1XA76yuFM_4mtkQW__2fryUBMe5EZ6XMWtBHxylhV6k8/htmlview?gid=837984260#, line 62: ReferenceError: posObjs is not defined
JavaScript error: https://docs.google.com/spreadsheets/d/1XA76yuFM_4mtkQW__2fryUBMe5EZ6XMWtBHxylhV6k8/htmlview?gid=837984260#, line 62: ReferenceError: posObjs is not defined
JavaScript error: https://docs.google.com/spreadsheets/d/1XA76yuFM_4mtkQW__2fryUBMe5EZ6XMWtBHxylhV6k8/htmlview?gid=837984260#, line 62: ReferenceError: posObjs is not defined
JavaScript error: https://docs.google.com/spreadsheets/d/1XA76yuFM_4mtkQW__2fryUBMe5EZ6XMWtBHxylhV6k8/htmlview?gid=837984260#, line 62: ReferenceError: posObjs is not defined
JavaScript error: https://docs.google.com/spreadsheets/d/1XA76yuFM_4mtkQW__2fryUBMe5EZ6XMWtBHxylhV6k8/htmlview?gid=837984260#, line 62: ReferenceError: posObjs is not defined
1724397382796	Marionette	INFO	Stopped listening on port 56800
Dynamically enable window occlusion 1
1724703752264	geckodriver	INFO	Listening on 127.0.0.1:62008
1724703850580	geckodriver	INFO	Listening on 127.0.0.1:62017
1724703935115	geckodriver	INFO	Listening on 127.0.0.1:62052
1724787669839	geckodriver	INFO	Listening on 127.0.0.1:63282
